<!DOCTYPE html>

<html>
  <head>
  <meta charset='utf-8'>
  <title>TestNG reports</title>

    <link type="text/css" href="testng-reports.css" rel="stylesheet" />
    <script type="text/javascript" src="jquery-3.4.1.min.js"></script>
    <script type="text/javascript" src="testng-reports.js"></script>
    <script type="text/javascript" src="https://www.google.com/jsapi"></script>
    <script type='text/javascript'>
      google.load('visualization', '1', {packages:['table']});
      google.setOnLoadCallback(drawTable);
      var suiteTableInitFunctions = new Array();
      var suiteTableData = new Array();
    </script>
    <!--
      <script type="text/javascript" src="jquery-ui/js/jquery-ui-1.8.16.custom.min.js"></script>
     -->
  </head>

  <body>
    <div class="top-banner-root">
      <span class="top-banner-title-font">Test results</span>
      <br/>
      <span class="top-banner-font-1">1 suite, 2 failed tests</span>
    </div> <!-- top-banner-root -->
    <div class="navigator-root">
      <div class="navigator-suite-header">
        <span>All suites</span>
        <a href="#" title="Collapse/expand all the suites" class="collapse-all-link">
          <img src="collapseall.gif" class="collapse-all-icon">
          </img> <!-- collapse-all-icon -->
        </a> <!-- collapse-all-link -->
      </div> <!-- navigator-suite-header -->
      <div class="suite">
        <div class="rounded-window">
          <div class="suite-header light-rounded-window-top">
            <a href="#" panel-name="suite-Assignments" class="navigator-link">
              <span class="suite-name border-failed">Assignments</span>
            </a> <!-- navigator-link -->
          </div> <!-- suite-header light-rounded-window-top -->
          <div class="navigator-suite-content">
            <div class="suite-section-title">
              <span>Info</span>
            </div> <!-- suite-section-title -->
            <div class="suite-section-content">
              <ul>
                <li>
                  <a href="#" panel-name="test-xml-Assignments" class="navigator-link ">
                    <span>testng.xml</span>
                  </a> <!-- navigator-link  -->
                </li>
                <li>
                  <a href="#" panel-name="testlist-Assignments" class="navigator-link ">
                    <span class="test-stats">1 test</span>
                  </a> <!-- navigator-link  -->
                </li>
                <li>
                  <a href="#" panel-name="group-Assignments" class="navigator-link ">
                    <span>0 groups</span>
                  </a> <!-- navigator-link  -->
                </li>
                <li>
                  <a href="#" panel-name="times-Assignments" class="navigator-link ">
                    <span>Times</span>
                  </a> <!-- navigator-link  -->
                </li>
                <li>
                  <a href="#" panel-name="reporter-Assignments" class="navigator-link ">
                    <span>Reporter output</span>
                  </a> <!-- navigator-link  -->
                </li>
                <li>
                  <a href="#" panel-name="ignored-methods-Assignments" class="navigator-link ">
                    <span>Ignored methods</span>
                  </a> <!-- navigator-link  -->
                </li>
                <li>
                  <a href="#" panel-name="chronological-Assignments" class="navigator-link ">
                    <span>Chronological view</span>
                  </a> <!-- navigator-link  -->
                </li>
              </ul>
            </div> <!-- suite-section-content -->
            <div class="result-section">
              <div class="suite-section-title">
                <span>Results</span>
              </div> <!-- suite-section-title -->
              <div class="suite-section-content">
                <ul>
                  <li>
                    <span class="method-stats">6 methods, 2 failed,   4 passed</span>
                  </li>
                  <li>
                    <span class="method-list-title failed">Failed methods</span>
                    <span class="show-or-hide-methods failed">
                      <a href="#" panel-name="suite-Assignments" class="hide-methods failed suite-Assignments"> (hide)</a> <!-- hide-methods failed suite-Assignments -->
                      <a href="#" panel-name="suite-Assignments" class="show-methods failed suite-Assignments"> (show)</a> <!-- show-methods failed suite-Assignments -->
                    </span>
                    <div class="method-list-content failed suite-Assignments">
                      <span>
                        <img src="failed.png" width="3%"/>
                        <a href="#" panel-name="suite-Assignments" title="testng.auto.project.testng.POMAssignmentIX" class="method navigator-link" hash-for-method="testClickAddToCart">testClickAddToCart</a> <!-- method navigator-link -->
                      </span>
                      <br/>
                      <span>
                        <img src="failed.png" width="3%"/>
                        <a href="#" panel-name="suite-Assignments" title="testng.auto.project.testng.POMAssignmentIX" class="method navigator-link" hash-for-method="testConfirmAddToCart">testConfirmAddToCart</a> <!-- method navigator-link -->
                      </span>
                      <br/>
                    </div> <!-- method-list-content failed suite-Assignments -->
                  </li>
                  <li>
                    <span class="method-list-title passed">Passed methods</span>
                    <span class="show-or-hide-methods passed">
                      <a href="#" panel-name="suite-Assignments" class="hide-methods passed suite-Assignments"> (hide)</a> <!-- hide-methods passed suite-Assignments -->
                      <a href="#" panel-name="suite-Assignments" class="show-methods passed suite-Assignments"> (show)</a> <!-- show-methods passed suite-Assignments -->
                    </span>
                    <div class="method-list-content passed suite-Assignments">
                      <span>
                        <img src="passed.png" width="3%"/>
                        <a href="#" panel-name="suite-Assignments" title="testng.auto.project.testng.POMAssignmentIX" class="method navigator-link" hash-for-method="testClickCurtainNav2">testClickCurtainNav2</a> <!-- method navigator-link -->
                      </span>
                      <br/>
                      <span>
                        <img src="passed.png" width="3%"/>
                        <a href="#" panel-name="suite-Assignments" title="testng.auto.project.testng.POMAssignmentIX" class="method navigator-link" hash-for-method="testClickProductImage">testClickProductImage</a> <!-- method navigator-link -->
                      </span>
                      <br/>
                      <span>
                        <img src="passed.png" width="3%"/>
                        <a href="#" panel-name="suite-Assignments" title="testng.auto.project.testng.POMAssignmentIX" class="method navigator-link" hash-for-method="testCloseNotification">testCloseNotification</a> <!-- method navigator-link -->
                      </span>
                      <br/>
                      <span>
                        <img src="passed.png" width="3%"/>
                        <a href="#" panel-name="suite-Assignments" title="testng.auto.project.testng.POMAssignmentIX" class="method navigator-link" hash-for-method="testHoverHomeKitchenNav1">testHoverHomeKitchenNav1</a> <!-- method navigator-link -->
                      </span>
                      <br/>
                    </div> <!-- method-list-content passed suite-Assignments -->
                  </li>
                </ul>
              </div> <!-- suite-section-content -->
            </div> <!-- result-section -->
          </div> <!-- navigator-suite-content -->
        </div> <!-- rounded-window -->
      </div> <!-- suite -->
    </div> <!-- navigator-root -->
    <div class="wrapper">
      <div class="main-panel-root">
        <div panel-name="suite-Assignments" class="panel Assignments">
          <div class="suite-Assignments-class-failed">
            <div class="main-panel-header rounded-window-top">
              <img src="failed.png"/>
              <span class="class-name">testng.auto.project.testng.POMAssignmentIX</span>
            </div> <!-- main-panel-header rounded-window-top -->
            <div class="main-panel-content rounded-window-bottom">
              <div class="method">
                <div class="method-content">
                  <a name="testClickAddToCart">
                  </a> <!-- testClickAddToCart -->
                  <span class="method-name">testClickAddToCart</span>
                  <div class="stack-trace">org.openqa.selenium.TimeoutException: Expected condition failed: waiting for element to be clickable: [[RemoteWebDriver: firefox on WINDOWS (778101c4-7490-475b-b3c4-ffad70ff5cab)] -&gt; xpath: //button[contains(@id,&apos;add_cart&apos;)]] (tried for 5 second(s) with 500 milliseconds interval)
Build info: version: &apos;3.141.59&apos;, revision: &apos;e82be7d358&apos;, time: &apos;2018-11-14T08:17:03&apos;
System info: host: &apos;autodev&apos;, ip: &apos;127.0.1.1&apos;, os.name: &apos;Linux&apos;, os.arch: &apos;amd64&apos;, os.version: &apos;5.4.0-42-generic&apos;, java.version: &apos;11.0.8&apos;
Driver info: org.openqa.selenium.remote.RemoteWebDriver
Capabilities {acceptInsecureCerts: false, browserName: firefox, browserVersion: 79.0, javascriptEnabled: true, moz:accessibilityChecks: false, moz:buildID: 20200720193547, moz:geckodriverVersion: 0.27.0, moz:headless: false, moz:processID: 6012, moz:profile: C:\Users\rmuru\AppData\Loca..., moz:shutdownTimeout: 60000, moz:useNonSpecCompliantPointerOrigin: false, moz:webdriverClick: true, pageLoadStrategy: normal, platform: WINDOWS, platformName: WINDOWS, platformVersion: 10.0, rotatable: false, setWindowRect: true, strictFileInteractability: false, timeouts: {implicit: 0, pageLoad: 300000, script: 30000}, unhandledPromptBehavior: dismiss and notify, webdriver.remote.sessionid: 778101c4-7490-475b-b3c4-ffa...}
Session ID: 778101c4-7490-475b-b3c4-ffad70ff5cab
	at org.openqa.selenium.support.ui.WebDriverWait.timeoutException(WebDriverWait.java:95)
	at org.openqa.selenium.support.ui.FluentWait.until(FluentWait.java:272)
	at testng.auto.project.testng.pages.Page.waitForElement(Page.java:68)
	at testng.auto.project.testng.pages.ShopCluesProductDetail.clickAddToCart(ShopCluesProductDetail.java:35)
	at testng.auto.project.testng.POMAssignmentIX.testClickAddToCart(POMAssignmentIX.java:58)
	at java.base/java.util.ArrayList.forEach(ArrayList.java:1541)
	at java.base/java.util.concurrent.FutureTask.run(FutureTask.java:264)
	at java.base/java.util.concurrent.ThreadPoolExecutor.runWorker(ThreadPoolExecutor.java:1128)
	at java.base/java.util.concurrent.ThreadPoolExecutor$Worker.run(ThreadPoolExecutor.java:628)
	at java.base/java.lang.Thread.run(Thread.java:834)
... Removed 18 stack frames
</div> <!-- stack-trace -->
                </div> <!-- method-content -->
              </div> <!-- method -->
              <div class="method">
                <div class="method-content">
                  <a name="testConfirmAddToCart">
                  </a> <!-- testConfirmAddToCart -->
                  <span class="method-name">testConfirmAddToCart</span>
                  <div class="stack-trace">org.openqa.selenium.TimeoutException: Expected condition failed: waiting for visibility of Proxy element for: DefaultElementLocator &apos;By.xpath: //div[@id=&apos;snackbar&apos; and @class=&apos;show&apos;]&apos; (tried for 5 second(s) with 500 milliseconds interval)
	at org.openqa.selenium.support.ui.WebDriverWait.timeoutException(WebDriverWait.java:95)
	at org.openqa.selenium.support.ui.FluentWait.until(FluentWait.java:272)
	at testng.auto.project.testng.pages.Page.waitForElement(Page.java:71)
	at testng.auto.project.testng.pages.ShopCluesProductDetail.confirmAddToCart(ShopCluesProductDetail.java:44)
	at testng.auto.project.testng.POMAssignmentIX.testConfirmAddToCart(POMAssignmentIX.java:63)
	at java.base/java.util.ArrayList.forEach(ArrayList.java:1541)
	at java.base/java.util.concurrent.FutureTask.run(FutureTask.java:264)
	at java.base/java.util.concurrent.ThreadPoolExecutor.runWorker(ThreadPoolExecutor.java:1128)
	at java.base/java.util.concurrent.ThreadPoolExecutor$Worker.run(ThreadPoolExecutor.java:628)
	at java.base/java.lang.Thread.run(Thread.java:834)
Caused by: org.openqa.selenium.NoSuchElementException: Unable to locate element: //div[@id=&apos;snackbar&apos; and @class=&apos;show&apos;]
For documentation on this error, please visit: https://www.seleniumhq.org/exceptions/no_such_element.html
Build info: version: &apos;3.141.59&apos;, revision: &apos;e82be7d358&apos;, time: &apos;2018-11-14T08:17:03&apos;
System info: host: &apos;autodev&apos;, ip: &apos;127.0.1.1&apos;, os.name: &apos;Linux&apos;, os.arch: &apos;amd64&apos;, os.version: &apos;5.4.0-42-generic&apos;, java.version: &apos;11.0.8&apos;
Driver info: org.openqa.selenium.remote.RemoteWebDriver
Capabilities {acceptInsecureCerts: false, browserName: firefox, browserVersion: 79.0, javascriptEnabled: true, moz:accessibilityChecks: false, moz:buildID: 20200720193547, moz:geckodriverVersion: 0.27.0, moz:headless: false, moz:processID: 6012, moz:profile: C:\Users\rmuru\AppData\Loca..., moz:shutdownTimeout: 60000, moz:useNonSpecCompliantPointerOrigin: false, moz:webdriverClick: true, pageLoadStrategy: normal, platform: WINDOWS, platformName: WINDOWS, platformVersion: 10.0, rotatable: false, setWindowRect: true, strictFileInteractability: false, timeouts: {implicit: 0, pageLoad: 300000, script: 30000}, unhandledPromptBehavior: dismiss and notify, webdriver.remote.sessionid: 778101c4-7490-475b-b3c4-ffa...}
Session ID: 778101c4-7490-475b-b3c4-ffad70ff5cab
*** Element info: {Using=xpath, value=//div[@id=&apos;snackbar&apos; and @class=&apos;show&apos;]}
	at org.openqa.selenium.remote.http.W3CHttpResponseCodec.createException(W3CHttpResponseCodec.java:187)
	at org.openqa.selenium.remote.http.W3CHttpResponseCodec.decode(W3CHttpResponseCodec.java:122)
	at org.openqa.selenium.remote.http.W3CHttpResponseCodec.decode(W3CHttpResponseCodec.java:49)
	at org.openqa.selenium.remote.HttpCommandExecutor.execute(HttpCommandExecutor.java:158)
	at org.openqa.selenium.remote.RemoteWebDriver.execute(RemoteWebDriver.java:552)
	at org.openqa.selenium.remote.RemoteWebDriver.findElement(RemoteWebDriver.java:323)
	at org.openqa.selenium.remote.RemoteWebDriver.findElementByXPath(RemoteWebDriver.java:428)
	at org.openqa.selenium.By$ByXPath.findElement(By.java:353)
	at org.openqa.selenium.remote.RemoteWebDriver.findElement(RemoteWebDriver.java:315)
	at org.openqa.selenium.support.pagefactory.DefaultElementLocator.findElement(DefaultElementLocator.java:69)
	at org.openqa.selenium.support.pagefactory.internal.LocatingElementHandler.invoke(LocatingElementHandler.java:38)
	at com.sun.proxy.$Proxy14.isDisplayed(Unknown Source)
	at org.openqa.selenium.support.ui.ExpectedConditions.elementIfVisible(ExpectedConditions.java:314)
	at org.openqa.selenium.support.ui.ExpectedConditions.access$000(ExpectedConditions.java:43)
	at org.openqa.selenium.support.ui.ExpectedConditions$10.apply(ExpectedConditions.java:300)
	at org.openqa.selenium.support.ui.ExpectedConditions$10.apply(ExpectedConditions.java:297)
	at org.openqa.selenium.support.ui.FluentWait.until(FluentWait.java:249)
	... 26 more
... Removed 22 stack frames
</div> <!-- stack-trace -->
                </div> <!-- method-content -->
              </div> <!-- method -->
            </div> <!-- main-panel-content rounded-window-bottom -->
          </div> <!-- suite-Assignments-class-failed -->
          <div class="suite-Assignments-class-passed">
            <div class="main-panel-header rounded-window-top">
              <img src="passed.png"/>
              <span class="class-name">testng.auto.project.testng.POMAssignmentIX</span>
            </div> <!-- main-panel-header rounded-window-top -->
            <div class="main-panel-content rounded-window-bottom">
              <div class="method">
                <div class="method-content">
                  <a name="testClickCurtainNav2">
                  </a> <!-- testClickCurtainNav2 -->
                  <span class="method-name">testClickCurtainNav2</span>
                </div> <!-- method-content -->
              </div> <!-- method -->
              <div class="method">
                <div class="method-content">
                  <a name="testClickProductImage">
                  </a> <!-- testClickProductImage -->
                  <span class="method-name">testClickProductImage</span>
                </div> <!-- method-content -->
              </div> <!-- method -->
              <div class="method">
                <div class="method-content">
                  <a name="testCloseNotification">
                  </a> <!-- testCloseNotification -->
                  <span class="method-name">testCloseNotification</span>
                </div> <!-- method-content -->
              </div> <!-- method -->
              <div class="method">
                <div class="method-content">
                  <a name="testHoverHomeKitchenNav1">
                  </a> <!-- testHoverHomeKitchenNav1 -->
                  <span class="method-name">testHoverHomeKitchenNav1</span>
                </div> <!-- method-content -->
              </div> <!-- method -->
            </div> <!-- main-panel-content rounded-window-bottom -->
          </div> <!-- suite-Assignments-class-passed -->
        </div> <!-- panel Assignments -->
        <div panel-name="test-xml-Assignments" class="panel">
          <div class="main-panel-header rounded-window-top">
            <span class="header-content">/home/rmuruge/eclipse-workspace/auto.project.testng/src/test/resources/testng.xml</span>
          </div> <!-- main-panel-header rounded-window-top -->
          <div class="main-panel-content rounded-window-bottom">
            <pre>
&lt;?xml version=&quot;1.0&quot; encoding=&quot;UTF-8&quot;?&gt;
&lt;!DOCTYPE suite SYSTEM &quot;https://testng.org/testng-1.0.dtd&quot;&gt;
&lt;suite thread-count=&quot;4&quot; parallel=&quot;tests&quot; name=&quot;Assignments&quot; guice-stage=&quot;DEVELOPMENT&quot; verbose=&quot;0&quot;&gt;
  &lt;test thread-count=&quot;4&quot; parallel=&quot;tests&quot; name=&quot;Assignment9&quot; verbose=&quot;0&quot;&gt;
    &lt;parameter name=&quot;node&quot; value=&quot;remote&quot;/&gt;
    &lt;parameter name=&quot;browserName&quot; value=&quot;firefox&quot;/&gt;
    &lt;classes&gt;
      &lt;class name=&quot;testng.auto.project.testng.POMAssignmentIX&quot;/&gt;
    &lt;/classes&gt;
  &lt;/test&gt; &lt;!-- Assignment9 --&gt;
&lt;/suite&gt; &lt;!-- Assignments --&gt;
            </pre>
          </div> <!-- main-panel-content rounded-window-bottom -->
        </div> <!-- panel -->
        <div panel-name="testlist-Assignments" class="panel">
          <div class="main-panel-header rounded-window-top">
            <span class="header-content">Tests for Assignments</span>
          </div> <!-- main-panel-header rounded-window-top -->
          <div class="main-panel-content rounded-window-bottom">
            <ul>
              <li>
                <span class="test-name">Assignment9 (1 class)</span>
              </li>
            </ul>
          </div> <!-- main-panel-content rounded-window-bottom -->
        </div> <!-- panel -->
        <div panel-name="group-Assignments" class="panel">
          <div class="main-panel-header rounded-window-top">
            <span class="header-content">Groups for Assignments</span>
          </div> <!-- main-panel-header rounded-window-top -->
          <div class="main-panel-content rounded-window-bottom">
          </div> <!-- main-panel-content rounded-window-bottom -->
        </div> <!-- panel -->
        <div panel-name="times-Assignments" class="panel">
          <div class="main-panel-header rounded-window-top">
            <span class="header-content">Times for Assignments</span>
          </div> <!-- main-panel-header rounded-window-top -->
          <div class="main-panel-content rounded-window-bottom">
            <div class="times-div">
              <script type="text/javascript">
suiteTableInitFunctions.push('tableData_Assignments');
function tableData_Assignments() {
var data = new google.visualization.DataTable();
data.addColumn('number', 'Number');
data.addColumn('string', 'Method');
data.addColumn('string', 'Class');
data.addColumn('number', 'Time (ms)');
data.addRows(6);
data.setCell(0, 0, 0)
data.setCell(0, 1, 'testCloseNotification')
data.setCell(0, 2, 'testng.auto.project.testng.POMAssignmentIX')
data.setCell(0, 3, 8300);
data.setCell(1, 0, 1)
data.setCell(1, 1, 'testClickAddToCart')
data.setCell(1, 2, 'testng.auto.project.testng.POMAssignmentIX')
data.setCell(1, 3, 5634);
data.setCell(2, 0, 2)
data.setCell(2, 1, 'testConfirmAddToCart')
data.setCell(2, 2, 'testng.auto.project.testng.POMAssignmentIX')
data.setCell(2, 3, 5234);
data.setCell(3, 0, 3)
data.setCell(3, 1, 'testClickCurtainNav2')
data.setCell(3, 2, 'testng.auto.project.testng.POMAssignmentIX')
data.setCell(3, 3, 4841);
data.setCell(4, 0, 4)
data.setCell(4, 1, 'testClickProductImage')
data.setCell(4, 2, 'testng.auto.project.testng.POMAssignmentIX')
data.setCell(4, 3, 1618);
data.setCell(5, 0, 5)
data.setCell(5, 1, 'testHoverHomeKitchenNav1')
data.setCell(5, 2, 'testng.auto.project.testng.POMAssignmentIX')
data.setCell(5, 3, 176);
window.suiteTableData['Assignments']= { tableData: data, tableDiv: 'times-div-Assignments'}
return data;
}
              </script>
              <span class="suite-total-time">Total running time: 30 seconds</span>
              <div id="times-div-Assignments">
              </div> <!-- times-div-Assignments -->
            </div> <!-- times-div -->
          </div> <!-- main-panel-content rounded-window-bottom -->
        </div> <!-- panel -->
        <div panel-name="reporter-Assignments" class="panel">
          <div class="main-panel-header rounded-window-top">
            <span class="header-content">Reporter output for Assignments</span>
          </div> <!-- main-panel-header rounded-window-top -->
          <div class="main-panel-content rounded-window-bottom">
          </div> <!-- main-panel-content rounded-window-bottom -->
        </div> <!-- panel -->
        <div panel-name="ignored-methods-Assignments" class="panel">
          <div class="main-panel-header rounded-window-top">
            <span class="header-content">0 ignored methods</span>
          </div> <!-- main-panel-header rounded-window-top -->
          <div class="main-panel-content rounded-window-bottom">
          </div> <!-- main-panel-content rounded-window-bottom -->
        </div> <!-- panel -->
        <div panel-name="chronological-Assignments" class="panel">
          <div class="main-panel-header rounded-window-top">
            <span class="header-content">Methods in chronological order</span>
          </div> <!-- main-panel-header rounded-window-top -->
          <div class="main-panel-content rounded-window-bottom">
            <div class="chronological-class">
              <div class="chronological-class-name">testng.auto.project.testng.POMAssignmentIX</div> <!-- chronological-class-name -->
              <div class="configuration-suite before">
                <span class="method-name">initTestSuite</span>
                <span class="method-start">0 ms</span>
              </div> <!-- configuration-suite before -->
              <div class="configuration-test before">
                <span class="method-name">initWebDriver(firefox, remote)</span>
                <span class="method-start">28 ms</span>
              </div> <!-- configuration-test before -->
              <div class="configuration-class before">
                <span class="method-name">initPageObjects</span>
                <span class="method-start">4869 ms</span>
              </div> <!-- configuration-class before -->
              <div class="test-method">
                <span class="method-name">testCloseNotification</span>
                <span class="method-start">4912 ms</span>
              </div> <!-- test-method -->
              <div class="test-method">
                <span class="method-name">testHoverHomeKitchenNav1</span>
                <span class="method-start">13217 ms</span>
              </div> <!-- test-method -->
              <div class="test-method">
                <span class="method-name">testClickCurtainNav2</span>
                <span class="method-start">13393 ms</span>
              </div> <!-- test-method -->
              <div class="test-method">
                <span class="method-name">testClickProductImage</span>
                <span class="method-start">18236 ms</span>
              </div> <!-- test-method -->
              <div class="test-method">
                <img src="failed.png">
                </img>
                <span class="method-name">testClickAddToCart</span>
                <span class="method-start">19856 ms</span>
              </div> <!-- test-method -->
              <div class="test-method">
                <img src="failed.png">
                </img>
                <span class="method-name">testConfirmAddToCart</span>
                <span class="method-start">25500 ms</span>
              </div> <!-- test-method -->
              <div class="configuration-suite after">
                <span class="method-name">tearDown</span>
                <span class="method-start">30778 ms</span>
              </div> <!-- configuration-suite after -->
          </div> <!-- main-panel-content rounded-window-bottom -->
        </div> <!-- panel -->
      </div> <!-- main-panel-root -->
    </div> <!-- wrapper -->
  </body>
</html>
