<?xml version="1.0" encoding="UTF-8"?>
<!-- Generated by org.testng.reporters.JUnitXMLReporter -->
<testsuite ignored="0" hostname="autodev" failures="1" tests="12" name="Assignment9F" time="69.294" errors="0" timestamp="2020-08-13T15:21:35 CDT">
  <testcase classname="testng.auto.project.testng.POMAssignmentIX" name="testCloseNotification" time="6.283"/>
  <testcase classname="testng.auto.project.testng.POMAssignmentIX" name="testHoverHomeKitchenNav1" time="0.161"/>
  <testcase classname="testng.auto.project.testng.POMAssignmentIX" name="testClickCurtainNav2" time="2.414"/>
  <testcase classname="testng.auto.project.testng.POMAssignmentIX" name="testClickProductImage" time="1.889"/>
  <testcase classname="testng.auto.project.testng.POMAssignmentIX" name="testClickAddToCart" time="1.831"/>
  <testcase classname="testng.auto.project.testng.POMAssignmentIX" name="testConfirmAddToCart" time="0.712"/>
  <testcase classname="testng.auto.project.testng.POMAssignmentIX" name="testCloseNotification" time="19.164"/>
  <testcase classname="testng.auto.project.testng.POMAssignmentIX" name="testHoverHomeKitchenNav1" time="0.351"/>
  <testcase classname="testng.auto.project.testng.POMAssignmentIX" name="testClickCurtainNav2" time="7.291">
    <failure type="org.openqa.selenium.TimeoutException" message="Expected condition failed: waiting for visibility of [[RemoteWebDriver: firefox on WINDOWS (05bffa46-9be9-4018-bb00-6542de93a6e0)] -&amp;gt; xpath: //img[contains(@id,&amp;apos;det_img_&amp;apos;)]] (tried for 5 second(s) with 500 milliseconds interval)
Build info: version: &amp;apos;3.141.59&amp;apos;, revision: &amp;apos;e82be7d358&amp;apos;, time: &amp;apos;2018-11-14T08:17:03&amp;apos;
System info: host: &amp;apos;autodev&amp;apos;, ip: &amp;apos;127.0.1.1&amp;apos;, os.name: &amp;apos;Linux&amp;apos;, os.arch: &amp;apos;amd64&amp;apos;, os.version: &amp;apos;5.4.0-42-generic&amp;apos;, java.version: &amp;apos;11.0.8&amp;apos;
Driver info: org.openqa.selenium.remote.RemoteWebDriver
Capabilities {acceptInsecureCerts: false, browserName: firefox, browserVersion: 79.0, javascriptEnabled: true, moz:accessibilityChecks: false, moz:buildID: 20200720193547, moz:geckodriverVersion: 0.27.0, moz:headless: false, moz:processID: 3696, moz:profile: C:\Users\rmuru\AppData\Loca..., moz:shutdownTimeout: 60000, moz:useNonSpecCompliantPointerOrigin: false, moz:webdriverClick: true, pageLoadStrategy: normal, platform: WINDOWS, platformName: WINDOWS, platformVersion: 10.0, rotatable: false, setWindowRect: true, strictFileInteractability: false, timeouts: {implicit: 0, pageLoad: 300000, script: 30000}, unhandledPromptBehavior: dismiss and notify, webdriver.remote.sessionid: 05bffa46-9be9-4018-bb00-654...}
Session ID: 05bffa46-9be9-4018-bb00-6542de93a6e0">
      <![CDATA[org.openqa.selenium.TimeoutException: Expected condition failed: waiting for visibility of [[RemoteWebDriver: firefox on WINDOWS (05bffa46-9be9-4018-bb00-6542de93a6e0)] -> xpath: //img[contains(@id,'det_img_')]] (tried for 5 second(s) with 500 milliseconds interval)
Build info: version: '3.141.59', revision: 'e82be7d358', time: '2018-11-14T08:17:03'
System info: host: 'autodev', ip: '127.0.1.1', os.name: 'Linux', os.arch: 'amd64', os.version: '5.4.0-42-generic', java.version: '11.0.8'
Driver info: org.openqa.selenium.remote.RemoteWebDriver
Capabilities {acceptInsecureCerts: false, browserName: firefox, browserVersion: 79.0, javascriptEnabled: true, moz:accessibilityChecks: false, moz:buildID: 20200720193547, moz:geckodriverVersion: 0.27.0, moz:headless: false, moz:processID: 3696, moz:profile: C:\Users\rmuru\AppData\Loca..., moz:shutdownTimeout: 60000, moz:useNonSpecCompliantPointerOrigin: false, moz:webdriverClick: true, pageLoadStrategy: normal, platform: WINDOWS, platformName: WINDOWS, platformVersion: 10.0, rotatable: false, setWindowRect: true, strictFileInteractability: false, timeouts: {implicit: 0, pageLoad: 300000, script: 30000}, unhandledPromptBehavior: dismiss and notify, webdriver.remote.sessionid: 05bffa46-9be9-4018-bb00-654...}
Session ID: 05bffa46-9be9-4018-bb00-6542de93a6e0
at org.openqa.selenium.support.ui.WebDriverWait.timeoutException(WebDriverWait.java:95)
at org.openqa.selenium.support.ui.FluentWait.until(FluentWait.java:272)
at testng.auto.project.testng.pages.Page.waitForElement(Page.java:71)
at testng.auto.project.testng.pages.ShopCluesHomePage.clickCurtainNav2(ShopCluesHomePage.java:66)
at testng.auto.project.testng.POMAssignmentIX.testClickCurtainNav2(POMAssignmentIX.java:48)
at java.base/java.util.ArrayList.forEach(ArrayList.java:1541)
at java.base/java.util.concurrent.FutureTask.run(FutureTask.java:264)
at java.base/java.util.concurrent.ThreadPoolExecutor.runWorker(ThreadPoolExecutor.java:1128)
at java.base/java.util.concurrent.ThreadPoolExecutor$Worker.run(ThreadPoolExecutor.java:628)
at java.base/java.lang.Thread.run(Thread.java:834)
... Removed 18 stack frames]]>
    </failure>
  </testcase> <!-- testClickCurtainNav2 -->
  <testcase classname="testng.auto.project.testng.POMAssignmentIX" name="testClickProductImage" time="18.88"/>
  <testcase classname="testng.auto.project.testng.POMAssignmentIX" name="testClickAddToCart" time="1.047"/>
  <testcase classname="testng.auto.project.testng.POMAssignmentIX" name="testConfirmAddToCart" time="2.384"/>
</testsuite> <!-- Assignment9F -->
